# JRE version: OpenJDK Runtime Environment (7.0_85-b01) (build 1.7.0_85-b01)
# Java VM: OpenJDK 64-Bit Server VM (24.85-b03 mixed mode linux-amd64 compressed oops)
Heap
 PSYoungGen      total 218112K, used 110080K [0x00000000ec280000, 0x0000000100000000, 0x0000000100000000)
  eden space 110080K, 100% used [0x00000000ec280000,0x00000000f2e00000,0x00000000f2e00000)
  from space 108032K, 0% used [0x00000000f9680000,0x00000000f9680000,0x0000000100000000)
  to   space 107008K, 0% used [0x00000000f2e00000,0x00000000f2e00000,0x00000000f9680000)
 ParOldGen       total 649728K, used 649699K [0x00000000c4800000, 0x00000000ec280000, 0x00000000ec280000)
  object space 649728K, 99% used [0x00000000c4800000,0x00000000ec278d10,0x00000000ec280000)
 PSPermGen       total 21504K, used 14922K [0x00000000ba200000, 0x00000000bb700000, 0x00000000c4800000)
  object space 21504K, 69% used [0x00000000ba200000,0x00000000bb092a20,0x00000000bb700000)
GC Heap History (10 events):
Event: 56,084 GC heap before
{Heap before GC invocations=31 (full 13):
 PSYoungGen      total 218112K, used 110080K [0x00000000ec280000, 0x0000000100000000, 0x0000000100000000)
  eden space 110080K, 100% used [0x00000000ec280000,0x00000000f2e00000,0x00000000f2e00000)
  from space 108032K, 0% used [0x00000000f9680000,0x00000000f9680000,0x0000000100000000)
  to   space 107008K, 0% used [0x00000000f2e00000,0x00000000f2e00000,0x00000000f9680000)
 ParOldGen       total 649728K, used 649699K [0x00000000c4800000, 0x00000000ec280000, 0x00000000ec280000)
  object space 649728K, 99% used [0x00000000c4800000,0x00000000ec278df0,0x00000000ec280000)
 PSPermGen       total 21504K, used 14922K [0x00000000ba200000, 0x00000000bb700000, 0x00000000c4800000)
  object space 21504K, 69% used [0x00000000ba200000,0x00000000bb092a40,0x00000000bb700000)
Event: 58,513 GC heap after
Heap after GC invocations=31 (full 13):
 PSYoungGen      total 218112K, used 98151K [0x00000000ec280000, 0x0000000100000000, 0x0000000100000000)
  eden space 110080K, 89% used [0x00000000ec280000,0x00000000f2259f00,0x00000000f2e00000)
  from space 108032K, 0% used [0x00000000f9680000,0x00000000f9680000,0x0000000100000000)
  to   space 107008K, 0% used [0x00000000f2e00000,0x00000000f2e00000,0x00000000f9680000)
 ParOldGen       total 649728K, used 649699K [0x00000000c4800000, 0x00000000ec280000, 0x00000000ec280000)
  object space 649728K, 99% used [0x00000000c4800000,0x00000000ec278d30,0x00000000ec280000)
 PSPermGen       total 21504K, used 14922K [0x00000000ba200000, 0x00000000bb700000, 0x00000000c4800000)
  object space 21504K, 69% used [0x00000000ba200000,0x00000000bb092a20,0x00000000bb700000)
}
Event: 58,523 GC heap before
{Heap before GC invocations=32 (full 14):
 PSYoungGen      total 218112K, used 110080K [0x00000000ec280000, 0x0000000100000000, 0x0000000100000000)
  eden space 110080K, 100% used [0x00000000ec280000,0x00000000f2e00000,0x00000000f2e00000)
  from space 108032K, 0% used [0x00000000f9680000,0x00000000f9680000,0x0000000100000000)
  to   space 107008K, 0% used [0x00000000f2e00000,0x00000000f2e00000,0x00000000f9680000)
 ParOldGen       total 649728K, used 649699K [0x00000000c4800000, 0x00000000ec280000, 0x00000000ec280000)
  object space 649728K, 99% used [0x00000000c4800000,0x00000000ec278d30,0x00000000ec280000)
 PSPermGen       total 21504K, used 14922K [0x00000000ba200000, 0x00000000bb700000, 0x00000000c4800000)
  object space 21504K, 69% used [0x00000000ba200000,0x00000000bb092a20,0x00000000bb700000)
Event: 60,920 GC heap after
Heap after GC invocations=32 (full 14):
 PSYoungGen      total 218112K, used 102967K [0x00000000ec280000, 0x0000000100000000, 0x0000000100000000)
  eden space 110080K, 93% used [0x00000000ec280000,0x00000000f270dc70,0x00000000f2e00000)
  from space 108032K, 0% used [0x00000000f9680000,0x00000000f9680000,0x0000000100000000)
  to   space 107008K, 0% used [0x00000000f2e00000,0x00000000f2e00000,0x00000000f9680000)
 ParOldGen       total 649728K, used 649699K [0x00000000c4800000, 0x00000000ec280000, 0x00000000ec280000)
  object space 649728K, 99% used [0x00000000c4800000,0x00000000ec278d10,0x00000000ec280000)
 PSPermGen       total 21504K, used 14922K [0x00000000ba200000, 0x00000000bb700000, 0x00000000c4800000)
  object space 21504K, 69% used [0x00000000ba200000,0x00000000bb092a20,0x00000000bb700000)
}
Event: 60,926 GC heap before
{Heap before GC invocations=33 (full 15):
 PSYoungGen      total 218112K, used 110080K [0x00000000ec280000, 0x0000000100000000, 0x0000000100000000)
  eden space 110080K, 100% used [0x00000000ec280000,0x00000000f2e00000,0x00000000f2e00000)
  from space 108032K, 0% used [0x00000000f9680000,0x00000000f9680000,0x0000000100000000)
  to   space 107008K, 0% used [0x00000000f2e00000,0x00000000f2e00000,0x00000000f9680000)
 ParOldGen       total 649728K, used 649699K [0x00000000c4800000, 0x00000000ec280000, 0x00000000ec280000)
  object space 649728K, 99% used [0x00000000c4800000,0x00000000ec278d10,0x00000000ec280000)
 PSPermGen       total 21504K, used 14922K [0x00000000ba200000, 0x00000000bb700000, 0x00000000c4800000)
  object space 21504K, 69% used [0x00000000ba200000,0x00000000bb092a20,0x00000000bb700000)
Event: 62,759 GC heap after
Heap after GC invocations=33 (full 15):
 PSYoungGen      total 218112K, used 105836K [0x00000000ec280000, 0x0000000100000000, 0x0000000100000000)
  eden space 110080K, 96% used [0x00000000ec280000,0x00000000f29db148,0x00000000f2e00000)
  from space 108032K, 0% used [0x00000000f9680000,0x00000000f9680000,0x0000000100000000)
  to   space 107008K, 0% used [0x00000000f2e00000,0x00000000f2e00000,0x00000000f9680000)
 ParOldGen       total 649728K, used 649699K [0x00000000c4800000, 0x00000000ec280000, 0x00000000ec280000)
  object space 649728K, 99% used [0x00000000c4800000,0x00000000ec278d10,0x00000000ec280000)
 PSPermGen       total 21504K, used 14922K [0x00000000ba200000, 0x00000000bb700000, 0x00000000c4800000)
  object space 21504K, 69% used [0x00000000ba200000,0x00000000bb092a20,0x00000000bb700000)
}
Event: 62,763 GC heap before
{Heap before GC invocations=34 (full 16):
 PSYoungGen      total 218112K, used 110080K [0x00000000ec280000, 0x0000000100000000, 0x0000000100000000)
  eden space 110080K, 100% used [0x00000000ec280000,0x00000000f2e00000,0x00000000f2e00000)
  from space 108032K, 0% used [0x00000000f9680000,0x00000000f9680000,0x0000000100000000)
  to   space 107008K, 0% used [0x00000000f2e00000,0x00000000f2e00000,0x00000000f9680000)
 ParOldGen       total 649728K, used 649699K [0x00000000c4800000, 0x00000000ec280000, 0x00000000ec280000)
  object space 649728K, 99% used [0x00000000c4800000,0x00000000ec278d10,0x00000000ec280000)
 PSPermGen       total 21504K, used 14922K [0x00000000ba200000, 0x00000000bb700000, 0x00000000c4800000)
  object space 21504K, 69% used [0x00000000ba200000,0x00000000bb092a20,0x00000000bb700000)
Event: 64,633 GC heap after
Heap after GC invocations=34 (full 16):
 PSYoungGen      total 218112K, used 107551K [0x00000000ec280000, 0x0000000100000000, 0x0000000100000000)
  eden space 110080K, 97% used [0x00000000ec280000,0x00000000f2b87c88,0x00000000f2e00000)
  from space 108032K, 0% used [0x00000000f9680000,0x00000000f9680000,0x0000000100000000)
  to   space 107008K, 0% used [0x00000000f2e00000,0x00000000f2e00000,0x00000000f9680000)
 ParOldGen       total 649728K, used 649699K [0x00000000c4800000, 0x00000000ec280000, 0x00000000ec280000)
  object space 649728K, 99% used [0x00000000c4800000,0x00000000ec278d10,0x00000000ec280000)
 PSPermGen       total 21504K, used 14922K [0x00000000ba200000, 0x00000000bb700000, 0x00000000c4800000)
  object space 21504K, 69% used [0x00000000ba200000,0x00000000bb092a20,0x00000000bb700000)
}
Event: 64,635 GC heap before
{Heap before GC invocations=35 (full 17):
 PSYoungGen      total 218112K, used 110080K [0x00000000ec280000, 0x0000000100000000, 0x0000000100000000)
  eden space 110080K, 100% used [0x00000000ec280000,0x00000000f2e00000,0x00000000f2e00000)
  from space 108032K, 0% used [0x00000000f9680000,0x00000000f9680000,0x0000000100000000)
  to   space 107008K, 0% used [0x00000000f2e00000,0x00000000f2e00000,0x00000000f9680000)
 ParOldGen       total 649728K, used 649699K [0x00000000c4800000, 0x00000000ec280000, 0x00000000ec280000)
  object space 649728K, 99% used [0x00000000c4800000,0x00000000ec278d10,0x00000000ec280000)
 PSPermGen       total 21504K, used 14922K [0x00000000ba200000, 0x00000000bb700000, 0x00000000c4800000)
  object space 21504K, 69% used [0x00000000ba200000,0x00000000bb092a20,0x00000000bb700000)
Event: 66,482 GC heap after
Heap after GC invocations=35 (full 17):
 PSYoungGen      total 218112K, used 108581K [0x00000000ec280000, 0x0000000100000000, 0x0000000100000000)
  eden space 110080K, 98% used [0x00000000ec280000,0x00000000f2c89400,0x00000000f2e00000)
  from space 108032K, 0% used [0x00000000f9680000,0x00000000f9680000,0x0000000100000000)
  to   space 107008K, 0% used [0x00000000f2e00000,0x00000000f2e00000,0x00000000f9680000)
 ParOldGen       total 649728K, used 649699K [0x00000000c4800000, 0x00000000ec280000, 0x00000000ec280000)
  object space 649728K, 99% used [0x00000000c4800000,0x00000000ec278d10,0x00000000ec280000)
 PSPermGen       total 21504K, used 14922K [0x00000000ba200000, 0x00000000bb700000, 0x00000000c4800000)
  object space 21504K, 69% used [0x00000000ba200000,0x00000000bb092a20,0x00000000bb700000)
}

